Compiling the C compiler identification source file "CMakeCCompilerId.c" failed.
Compiler: /bin/riscv64-unknown-linux-musl-gcc 
Build flags: ;-std=gnu11;-mcpu=c906fdv;-march=rv64imafdcv0p7xthead;-mabi=lp64d;-ffunction-sections;-fdata-sections;-Wno-pointer-to-int-cast;-fsigned-char;-Wl,-gc-sections;-lstdc++;-lm;-lpthread;-std=gnu11;-mcpu=c906fdv;-march=rv64imafdcv0p7xthead;-mabi=lp64d;-ffunction-sections;-fdata-sections;-Wno-pointer-to-int-cast;-fsigned-char;-Wl,-gc-sections;-lstdc++;-lm;-lpthread
Id flags:  

The output was:
No such file or directory


Compiling the C compiler identification source file "CMakeCCompilerId.c" failed.
Compiler: /bin/riscv64-unknown-linux-musl-gcc 
Build flags: ;-std=gnu11;-mcpu=c906fdv;-march=rv64imafdcv0p7xthead;-mabi=lp64d;-ffunction-sections;-fdata-sections;-Wno-pointer-to-int-cast;-fsigned-char;-Wl,-gc-sections;-lstdc++;-lm;-lpthread;-std=gnu11;-mcpu=c906fdv;-march=rv64imafdcv0p7xthead;-mabi=lp64d;-ffunction-sections;-fdata-sections;-Wno-pointer-to-int-cast;-fsigned-char;-Wl,-gc-sections;-lstdc++;-lm;-lpthread
Id flags: -c 

The output was:
No such file or directory


Compiling the C compiler identification source file "CMakeCCompilerId.c" failed.
Compiler: /bin/riscv64-unknown-linux-musl-gcc 
Build flags: ;-std=gnu11;-mcpu=c906fdv;-march=rv64imafdcv0p7xthead;-mabi=lp64d;-ffunction-sections;-fdata-sections;-Wno-pointer-to-int-cast;-fsigned-char;-Wl,-gc-sections;-lstdc++;-lm;-lpthread;-std=gnu11;-mcpu=c906fdv;-march=rv64imafdcv0p7xthead;-mabi=lp64d;-ffunction-sections;-fdata-sections;-Wno-pointer-to-int-cast;-fsigned-char;-Wl,-gc-sections;-lstdc++;-lm;-lpthread
Id flags: -Aa 

The output was:
No such file or directory


Compiling the C compiler identification source file "CMakeCCompilerId.c" failed.
Compiler: /bin/riscv64-unknown-linux-musl-gcc 
Build flags: ;-std=gnu11;-mcpu=c906fdv;-march=rv64imafdcv0p7xthead;-mabi=lp64d;-ffunction-sections;-fdata-sections;-Wno-pointer-to-int-cast;-fsigned-char;-Wl,-gc-sections;-lstdc++;-lm;-lpthread;-std=gnu11;-mcpu=c906fdv;-march=rv64imafdcv0p7xthead;-mabi=lp64d;-ffunction-sections;-fdata-sections;-Wno-pointer-to-int-cast;-fsigned-char;-Wl,-gc-sections;-lstdc++;-lm;-lpthread
Id flags: -D__CLASSIC_C__ 

The output was:
No such file or directory


Compiling the C compiler identification source file "CMakeCCompilerId.c" failed.
Compiler: /bin/riscv64-unknown-linux-musl-gcc 
Build flags: ;-std=gnu11;-mcpu=c906fdv;-march=rv64imafdcv0p7xthead;-mabi=lp64d;-ffunction-sections;-fdata-sections;-Wno-pointer-to-int-cast;-fsigned-char;-Wl,-gc-sections;-lstdc++;-lm;-lpthread;-std=gnu11;-mcpu=c906fdv;-march=rv64imafdcv0p7xthead;-mabi=lp64d;-ffunction-sections;-fdata-sections;-Wno-pointer-to-int-cast;-fsigned-char;-Wl,-gc-sections;-lstdc++;-lm;-lpthread
Id flags: --target=arm-arm-none-eabi;-mcpu=cortex-m3 

The output was:
No such file or directory


Compiling the C compiler identification source file "CMakeCCompilerId.c" failed.
Compiler: /bin/riscv64-unknown-linux-musl-gcc 
Build flags: ;-std=gnu11;-mcpu=c906fdv;-march=rv64imafdcv0p7xthead;-mabi=lp64d;-ffunction-sections;-fdata-sections;-Wno-pointer-to-int-cast;-fsigned-char;-Wl,-gc-sections;-lstdc++;-lm;-lpthread;-std=gnu11;-mcpu=c906fdv;-march=rv64imafdcv0p7xthead;-mabi=lp64d;-ffunction-sections;-fdata-sections;-Wno-pointer-to-int-cast;-fsigned-char;-Wl,-gc-sections;-lstdc++;-lm;-lpthread
Id flags: -c;-I__does_not_exist__ 

The output was:
No such file or directory


Compiling the C compiler identification source file "CMakeCCompilerId.c" failed.
Compiler: /bin/riscv64-unknown-linux-musl-gcc 
Build flags: 
Id flags:  

The output was:
No such file or directory


Compiling the C compiler identification source file "CMakeCCompilerId.c" failed.
Compiler: /bin/riscv64-unknown-linux-musl-gcc 
Build flags: 
Id flags: -c 

The output was:
No such file or directory


Compiling the C compiler identification source file "CMakeCCompilerId.c" failed.
Compiler: /bin/riscv64-unknown-linux-musl-gcc 
Build flags: 
Id flags: -Aa 

The output was:
No such file or directory


Compiling the C compiler identification source file "CMakeCCompilerId.c" failed.
Compiler: /bin/riscv64-unknown-linux-musl-gcc 
Build flags: 
Id flags: -D__CLASSIC_C__ 

The output was:
No such file or directory


Compiling the C compiler identification source file "CMakeCCompilerId.c" failed.
Compiler: /bin/riscv64-unknown-linux-musl-gcc 
Build flags: 
Id flags: --target=arm-arm-none-eabi;-mcpu=cortex-m3 

The output was:
No such file or directory


Compiling the C compiler identification source file "CMakeCCompilerId.c" failed.
Compiler: /bin/riscv64-unknown-linux-musl-gcc 
Build flags: 
Id flags: -c;-I__does_not_exist__ 

The output was:
No such file or directory


Checking whether the C compiler is IAR using "" did not match "IAR .+ Compiler":
Checking whether the C compiler is IAR using "" did not match "IAR .+ Compiler":
Compiling the CXX compiler identification source file "CMakeCXXCompilerId.cpp" failed.
Compiler: /bin/riscv64-unknown-linux-musl-g++ 
Build flags: ;-mcpu=c906fdv;-march=rv64imafdcv0p7xthead;-mabi=lp64d;-fsigned-char;-ffunction-sections;-fdata-sections;-fPIC;-Wl,-gc-sections;-lm;-lpthread;-mcpu=c906fdv;-march=rv64imafdcv0p7xthead;-mabi=lp64d;-fsigned-char;-ffunction-sections;-fdata-sections;-fPIC;-Wl,-gc-sections;-lm;-lpthread
Id flags:  

The output was:
No such file or directory


Compiling the CXX compiler identification source file "CMakeCXXCompilerId.cpp" failed.
Compiler: /bin/riscv64-unknown-linux-musl-g++ 
Build flags: ;-mcpu=c906fdv;-march=rv64imafdcv0p7xthead;-mabi=lp64d;-fsigned-char;-ffunction-sections;-fdata-sections;-fPIC;-Wl,-gc-sections;-lm;-lpthread;-mcpu=c906fdv;-march=rv64imafdcv0p7xthead;-mabi=lp64d;-fsigned-char;-ffunction-sections;-fdata-sections;-fPIC;-Wl,-gc-sections;-lm;-lpthread
Id flags: -c 

The output was:
No such file or directory


Compiling the CXX compiler identification source file "CMakeCXXCompilerId.cpp" failed.
Compiler: /bin/riscv64-unknown-linux-musl-g++ 
Build flags: ;-mcpu=c906fdv;-march=rv64imafdcv0p7xthead;-mabi=lp64d;-fsigned-char;-ffunction-sections;-fdata-sections;-fPIC;-Wl,-gc-sections;-lm;-lpthread;-mcpu=c906fdv;-march=rv64imafdcv0p7xthead;-mabi=lp64d;-fsigned-char;-ffunction-sections;-fdata-sections;-fPIC;-Wl,-gc-sections;-lm;-lpthread
Id flags: --c++ 

The output was:
No such file or directory


Compiling the CXX compiler identification source file "CMakeCXXCompilerId.cpp" failed.
Compiler: /bin/riscv64-unknown-linux-musl-g++ 
Build flags: ;-mcpu=c906fdv;-march=rv64imafdcv0p7xthead;-mabi=lp64d;-fsigned-char;-ffunction-sections;-fdata-sections;-fPIC;-Wl,-gc-sections;-lm;-lpthread;-mcpu=c906fdv;-march=rv64imafdcv0p7xthead;-mabi=lp64d;-fsigned-char;-ffunction-sections;-fdata-sections;-fPIC;-Wl,-gc-sections;-lm;-lpthread
Id flags: --ec++ 

The output was:
No such file or directory


Compiling the CXX compiler identification source file "CMakeCXXCompilerId.cpp" failed.
Compiler: /bin/riscv64-unknown-linux-musl-g++ 
Build flags: ;-mcpu=c906fdv;-march=rv64imafdcv0p7xthead;-mabi=lp64d;-fsigned-char;-ffunction-sections;-fdata-sections;-fPIC;-Wl,-gc-sections;-lm;-lpthread;-mcpu=c906fdv;-march=rv64imafdcv0p7xthead;-mabi=lp64d;-fsigned-char;-ffunction-sections;-fdata-sections;-fPIC;-Wl,-gc-sections;-lm;-lpthread
Id flags: --target=arm-arm-none-eabi;-mcpu=cortex-m3 

The output was:
No such file or directory


Compiling the CXX compiler identification source file "CMakeCXXCompilerId.cpp" failed.
Compiler: /bin/riscv64-unknown-linux-musl-g++ 
Build flags: ;-mcpu=c906fdv;-march=rv64imafdcv0p7xthead;-mabi=lp64d;-fsigned-char;-ffunction-sections;-fdata-sections;-fPIC;-Wl,-gc-sections;-lm;-lpthread;-mcpu=c906fdv;-march=rv64imafdcv0p7xthead;-mabi=lp64d;-fsigned-char;-ffunction-sections;-fdata-sections;-fPIC;-Wl,-gc-sections;-lm;-lpthread
Id flags: -c;-I__does_not_exist__ 

The output was:
No such file or directory


Compiling the CXX compiler identification source file "CMakeCXXCompilerId.cpp" failed.
Compiler: /bin/riscv64-unknown-linux-musl-g++ 
Build flags: 
Id flags:  

The output was:
No such file or directory


Compiling the CXX compiler identification source file "CMakeCXXCompilerId.cpp" failed.
Compiler: /bin/riscv64-unknown-linux-musl-g++ 
Build flags: 
Id flags: -c 

The output was:
No such file or directory


Compiling the CXX compiler identification source file "CMakeCXXCompilerId.cpp" failed.
Compiler: /bin/riscv64-unknown-linux-musl-g++ 
Build flags: 
Id flags: --c++ 

The output was:
No such file or directory


Compiling the CXX compiler identification source file "CMakeCXXCompilerId.cpp" failed.
Compiler: /bin/riscv64-unknown-linux-musl-g++ 
Build flags: 
Id flags: --ec++ 

The output was:
No such file or directory


Compiling the CXX compiler identification source file "CMakeCXXCompilerId.cpp" failed.
Compiler: /bin/riscv64-unknown-linux-musl-g++ 
Build flags: 
Id flags: --target=arm-arm-none-eabi;-mcpu=cortex-m3 

The output was:
No such file or directory


Compiling the CXX compiler identification source file "CMakeCXXCompilerId.cpp" failed.
Compiler: /bin/riscv64-unknown-linux-musl-g++ 
Build flags: 
Id flags: -c;-I__does_not_exist__ 

The output was:
No such file or directory


Checking whether the CXX compiler is IAR using "" did not match "IAR .+ Compiler":
Checking whether the CXX compiler is IAR using "" did not match "IAR .+ Compiler":
Compiling the C compiler identification source file "CMakeCCompilerId.c" failed.
Compiler: /bin/riscv64-unknown-linux-musl-gcc 
Build flags: ;-std=gnu11;-mcpu=c906fdv;-march=rv64imafdcv0p7xthead;-mabi=lp64d;-ffunction-sections;-fdata-sections;-Wno-pointer-to-int-cast;-fsigned-char;-Wl,-gc-sections;-lstdc++;-lm;-lpthread;-std=gnu11;-mcpu=c906fdv;-march=rv64imafdcv0p7xthead;-mabi=lp64d;-ffunction-sections;-fdata-sections;-Wno-pointer-to-int-cast;-fsigned-char;-Wl,-gc-sections;-lstdc++;-lm;-lpthread
Id flags:  

The output was:
No such file or directory


Compiling the C compiler identification source file "CMakeCCompilerId.c" failed.
Compiler: /bin/riscv64-unknown-linux-musl-gcc 
Build flags: ;-std=gnu11;-mcpu=c906fdv;-march=rv64imafdcv0p7xthead;-mabi=lp64d;-ffunction-sections;-fdata-sections;-Wno-pointer-to-int-cast;-fsigned-char;-Wl,-gc-sections;-lstdc++;-lm;-lpthread;-std=gnu11;-mcpu=c906fdv;-march=rv64imafdcv0p7xthead;-mabi=lp64d;-ffunction-sections;-fdata-sections;-Wno-pointer-to-int-cast;-fsigned-char;-Wl,-gc-sections;-lstdc++;-lm;-lpthread
Id flags: -c 

The output was:
No such file or directory


Compiling the C compiler identification source file "CMakeCCompilerId.c" failed.
Compiler: /bin/riscv64-unknown-linux-musl-gcc 
Build flags: ;-std=gnu11;-mcpu=c906fdv;-march=rv64imafdcv0p7xthead;-mabi=lp64d;-ffunction-sections;-fdata-sections;-Wno-pointer-to-int-cast;-fsigned-char;-Wl,-gc-sections;-lstdc++;-lm;-lpthread;-std=gnu11;-mcpu=c906fdv;-march=rv64imafdcv0p7xthead;-mabi=lp64d;-ffunction-sections;-fdata-sections;-Wno-pointer-to-int-cast;-fsigned-char;-Wl,-gc-sections;-lstdc++;-lm;-lpthread
Id flags: -Aa 

The output was:
No such file or directory


Compiling the C compiler identification source file "CMakeCCompilerId.c" failed.
Compiler: /bin/riscv64-unknown-linux-musl-gcc 
Build flags: ;-std=gnu11;-mcpu=c906fdv;-march=rv64imafdcv0p7xthead;-mabi=lp64d;-ffunction-sections;-fdata-sections;-Wno-pointer-to-int-cast;-fsigned-char;-Wl,-gc-sections;-lstdc++;-lm;-lpthread;-std=gnu11;-mcpu=c906fdv;-march=rv64imafdcv0p7xthead;-mabi=lp64d;-ffunction-sections;-fdata-sections;-Wno-pointer-to-int-cast;-fsigned-char;-Wl,-gc-sections;-lstdc++;-lm;-lpthread
Id flags: -D__CLASSIC_C__ 

The output was:
No such file or directory


Compiling the C compiler identification source file "CMakeCCompilerId.c" failed.
Compiler: /bin/riscv64-unknown-linux-musl-gcc 
Build flags: ;-std=gnu11;-mcpu=c906fdv;-march=rv64imafdcv0p7xthead;-mabi=lp64d;-ffunction-sections;-fdata-sections;-Wno-pointer-to-int-cast;-fsigned-char;-Wl,-gc-sections;-lstdc++;-lm;-lpthread;-std=gnu11;-mcpu=c906fdv;-march=rv64imafdcv0p7xthead;-mabi=lp64d;-ffunction-sections;-fdata-sections;-Wno-pointer-to-int-cast;-fsigned-char;-Wl,-gc-sections;-lstdc++;-lm;-lpthread
Id flags: --target=arm-arm-none-eabi;-mcpu=cortex-m3 

The output was:
No such file or directory


Compiling the C compiler identification source file "CMakeCCompilerId.c" failed.
Compiler: /bin/riscv64-unknown-linux-musl-gcc 
Build flags: ;-std=gnu11;-mcpu=c906fdv;-march=rv64imafdcv0p7xthead;-mabi=lp64d;-ffunction-sections;-fdata-sections;-Wno-pointer-to-int-cast;-fsigned-char;-Wl,-gc-sections;-lstdc++;-lm;-lpthread;-std=gnu11;-mcpu=c906fdv;-march=rv64imafdcv0p7xthead;-mabi=lp64d;-ffunction-sections;-fdata-sections;-Wno-pointer-to-int-cast;-fsigned-char;-Wl,-gc-sections;-lstdc++;-lm;-lpthread
Id flags: -c;-I__does_not_exist__ 

The output was:
No such file or directory


Compiling the C compiler identification source file "CMakeCCompilerId.c" failed.
Compiler: /bin/riscv64-unknown-linux-musl-gcc 
Build flags: 
Id flags:  

The output was:
No such file or directory


Compiling the C compiler identification source file "CMakeCCompilerId.c" failed.
Compiler: /bin/riscv64-unknown-linux-musl-gcc 
Build flags: 
Id flags: -c 

The output was:
No such file or directory


Compiling the C compiler identification source file "CMakeCCompilerId.c" failed.
Compiler: /bin/riscv64-unknown-linux-musl-gcc 
Build flags: 
Id flags: -Aa 

The output was:
No such file or directory


Compiling the C compiler identification source file "CMakeCCompilerId.c" failed.
Compiler: /bin/riscv64-unknown-linux-musl-gcc 
Build flags: 
Id flags: -D__CLASSIC_C__ 

The output was:
No such file or directory


Compiling the C compiler identification source file "CMakeCCompilerId.c" failed.
Compiler: /bin/riscv64-unknown-linux-musl-gcc 
Build flags: 
Id flags: --target=arm-arm-none-eabi;-mcpu=cortex-m3 

The output was:
No such file or directory


Compiling the C compiler identification source file "CMakeCCompilerId.c" failed.
Compiler: /bin/riscv64-unknown-linux-musl-gcc 
Build flags: 
Id flags: -c;-I__does_not_exist__ 

The output was:
No such file or directory


Checking whether the C compiler is IAR using "" did not match "IAR .+ Compiler":
Checking whether the C compiler is IAR using "" did not match "IAR .+ Compiler":
Compiling the CXX compiler identification source file "CMakeCXXCompilerId.cpp" failed.
Compiler: /bin/riscv64-unknown-linux-musl-g++ 
Build flags: ;-mcpu=c906fdv;-march=rv64imafdcv0p7xthead;-mabi=lp64d;-fsigned-char;-ffunction-sections;-fdata-sections;-fPIC;-Wl,-gc-sections;-lm;-lpthread;-mcpu=c906fdv;-march=rv64imafdcv0p7xthead;-mabi=lp64d;-fsigned-char;-ffunction-sections;-fdata-sections;-fPIC;-Wl,-gc-sections;-lm;-lpthread
Id flags:  

The output was:
No such file or directory


Compiling the CXX compiler identification source file "CMakeCXXCompilerId.cpp" failed.
Compiler: /bin/riscv64-unknown-linux-musl-g++ 
Build flags: ;-mcpu=c906fdv;-march=rv64imafdcv0p7xthead;-mabi=lp64d;-fsigned-char;-ffunction-sections;-fdata-sections;-fPIC;-Wl,-gc-sections;-lm;-lpthread;-mcpu=c906fdv;-march=rv64imafdcv0p7xthead;-mabi=lp64d;-fsigned-char;-ffunction-sections;-fdata-sections;-fPIC;-Wl,-gc-sections;-lm;-lpthread
Id flags: -c 

The output was:
No such file or directory


Compiling the CXX compiler identification source file "CMakeCXXCompilerId.cpp" failed.
Compiler: /bin/riscv64-unknown-linux-musl-g++ 
Build flags: ;-mcpu=c906fdv;-march=rv64imafdcv0p7xthead;-mabi=lp64d;-fsigned-char;-ffunction-sections;-fdata-sections;-fPIC;-Wl,-gc-sections;-lm;-lpthread;-mcpu=c906fdv;-march=rv64imafdcv0p7xthead;-mabi=lp64d;-fsigned-char;-ffunction-sections;-fdata-sections;-fPIC;-Wl,-gc-sections;-lm;-lpthread
Id flags: --c++ 

The output was:
No such file or directory


Compiling the CXX compiler identification source file "CMakeCXXCompilerId.cpp" failed.
Compiler: /bin/riscv64-unknown-linux-musl-g++ 
Build flags: ;-mcpu=c906fdv;-march=rv64imafdcv0p7xthead;-mabi=lp64d;-fsigned-char;-ffunction-sections;-fdata-sections;-fPIC;-Wl,-gc-sections;-lm;-lpthread;-mcpu=c906fdv;-march=rv64imafdcv0p7xthead;-mabi=lp64d;-fsigned-char;-ffunction-sections;-fdata-sections;-fPIC;-Wl,-gc-sections;-lm;-lpthread
Id flags: --ec++ 

The output was:
No such file or directory


Compiling the CXX compiler identification source file "CMakeCXXCompilerId.cpp" failed.
Compiler: /bin/riscv64-unknown-linux-musl-g++ 
Build flags: ;-mcpu=c906fdv;-march=rv64imafdcv0p7xthead;-mabi=lp64d;-fsigned-char;-ffunction-sections;-fdata-sections;-fPIC;-Wl,-gc-sections;-lm;-lpthread;-mcpu=c906fdv;-march=rv64imafdcv0p7xthead;-mabi=lp64d;-fsigned-char;-ffunction-sections;-fdata-sections;-fPIC;-Wl,-gc-sections;-lm;-lpthread
Id flags: --target=arm-arm-none-eabi;-mcpu=cortex-m3 

The output was:
No such file or directory


Compiling the CXX compiler identification source file "CMakeCXXCompilerId.cpp" failed.
Compiler: /bin/riscv64-unknown-linux-musl-g++ 
Build flags: ;-mcpu=c906fdv;-march=rv64imafdcv0p7xthead;-mabi=lp64d;-fsigned-char;-ffunction-sections;-fdata-sections;-fPIC;-Wl,-gc-sections;-lm;-lpthread;-mcpu=c906fdv;-march=rv64imafdcv0p7xthead;-mabi=lp64d;-fsigned-char;-ffunction-sections;-fdata-sections;-fPIC;-Wl,-gc-sections;-lm;-lpthread
Id flags: -c;-I__does_not_exist__ 

The output was:
No such file or directory


Compiling the CXX compiler identification source file "CMakeCXXCompilerId.cpp" failed.
Compiler: /bin/riscv64-unknown-linux-musl-g++ 
Build flags: 
Id flags:  

The output was:
No such file or directory


Compiling the CXX compiler identification source file "CMakeCXXCompilerId.cpp" failed.
Compiler: /bin/riscv64-unknown-linux-musl-g++ 
Build flags: 
Id flags: -c 

The output was:
No such file or directory


Compiling the CXX compiler identification source file "CMakeCXXCompilerId.cpp" failed.
Compiler: /bin/riscv64-unknown-linux-musl-g++ 
Build flags: 
Id flags: --c++ 

The output was:
No such file or directory


Compiling the CXX compiler identification source file "CMakeCXXCompilerId.cpp" failed.
Compiler: /bin/riscv64-unknown-linux-musl-g++ 
Build flags: 
Id flags: --ec++ 

The output was:
No such file or directory


Compiling the CXX compiler identification source file "CMakeCXXCompilerId.cpp" failed.
Compiler: /bin/riscv64-unknown-linux-musl-g++ 
Build flags: 
Id flags: --target=arm-arm-none-eabi;-mcpu=cortex-m3 

The output was:
No such file or directory


Compiling the CXX compiler identification source file "CMakeCXXCompilerId.cpp" failed.
Compiler: /bin/riscv64-unknown-linux-musl-g++ 
Build flags: 
Id flags: -c;-I__does_not_exist__ 

The output was:
No such file or directory


Checking whether the CXX compiler is IAR using "" did not match "IAR .+ Compiler":
Checking whether the CXX compiler is IAR using "" did not match "IAR .+ Compiler":
Compiling the C compiler identification source file "CMakeCCompilerId.c" failed.
Compiler: /bin/riscv64-unknown-linux-musl-gcc 
Build flags: ;-std=gnu11;-mcpu=c906fdv;-march=rv64imafdcv0p7xthead;-mabi=lp64d;-ffunction-sections;-fdata-sections;-Wno-pointer-to-int-cast;-fsigned-char;-Wl,-gc-sections;-lstdc++;-lm;-lpthread;-std=gnu11;-mcpu=c906fdv;-march=rv64imafdcv0p7xthead;-mabi=lp64d;-ffunction-sections;-fdata-sections;-Wno-pointer-to-int-cast;-fsigned-char;-Wl,-gc-sections;-lstdc++;-lm;-lpthread
Id flags:  

The output was:
No such file or directory


Compiling the C compiler identification source file "CMakeCCompilerId.c" failed.
Compiler: /bin/riscv64-unknown-linux-musl-gcc 
Build flags: ;-std=gnu11;-mcpu=c906fdv;-march=rv64imafdcv0p7xthead;-mabi=lp64d;-ffunction-sections;-fdata-sections;-Wno-pointer-to-int-cast;-fsigned-char;-Wl,-gc-sections;-lstdc++;-lm;-lpthread;-std=gnu11;-mcpu=c906fdv;-march=rv64imafdcv0p7xthead;-mabi=lp64d;-ffunction-sections;-fdata-sections;-Wno-pointer-to-int-cast;-fsigned-char;-Wl,-gc-sections;-lstdc++;-lm;-lpthread
Id flags: -c 

The output was:
No such file or directory


Compiling the C compiler identification source file "CMakeCCompilerId.c" failed.
Compiler: /bin/riscv64-unknown-linux-musl-gcc 
Build flags: ;-std=gnu11;-mcpu=c906fdv;-march=rv64imafdcv0p7xthead;-mabi=lp64d;-ffunction-sections;-fdata-sections;-Wno-pointer-to-int-cast;-fsigned-char;-Wl,-gc-sections;-lstdc++;-lm;-lpthread;-std=gnu11;-mcpu=c906fdv;-march=rv64imafdcv0p7xthead;-mabi=lp64d;-ffunction-sections;-fdata-sections;-Wno-pointer-to-int-cast;-fsigned-char;-Wl,-gc-sections;-lstdc++;-lm;-lpthread
Id flags: -Aa 

The output was:
No such file or directory


Compiling the C compiler identification source file "CMakeCCompilerId.c" failed.
Compiler: /bin/riscv64-unknown-linux-musl-gcc 
Build flags: ;-std=gnu11;-mcpu=c906fdv;-march=rv64imafdcv0p7xthead;-mabi=lp64d;-ffunction-sections;-fdata-sections;-Wno-pointer-to-int-cast;-fsigned-char;-Wl,-gc-sections;-lstdc++;-lm;-lpthread;-std=gnu11;-mcpu=c906fdv;-march=rv64imafdcv0p7xthead;-mabi=lp64d;-ffunction-sections;-fdata-sections;-Wno-pointer-to-int-cast;-fsigned-char;-Wl,-gc-sections;-lstdc++;-lm;-lpthread
Id flags: -D__CLASSIC_C__ 

The output was:
No such file or directory


Compiling the C compiler identification source file "CMakeCCompilerId.c" failed.
Compiler: /bin/riscv64-unknown-linux-musl-gcc 
Build flags: ;-std=gnu11;-mcpu=c906fdv;-march=rv64imafdcv0p7xthead;-mabi=lp64d;-ffunction-sections;-fdata-sections;-Wno-pointer-to-int-cast;-fsigned-char;-Wl,-gc-sections;-lstdc++;-lm;-lpthread;-std=gnu11;-mcpu=c906fdv;-march=rv64imafdcv0p7xthead;-mabi=lp64d;-ffunction-sections;-fdata-sections;-Wno-pointer-to-int-cast;-fsigned-char;-Wl,-gc-sections;-lstdc++;-lm;-lpthread
Id flags: --target=arm-arm-none-eabi;-mcpu=cortex-m3 

The output was:
No such file or directory


Compiling the C compiler identification source file "CMakeCCompilerId.c" failed.
Compiler: /bin/riscv64-unknown-linux-musl-gcc 
Build flags: ;-std=gnu11;-mcpu=c906fdv;-march=rv64imafdcv0p7xthead;-mabi=lp64d;-ffunction-sections;-fdata-sections;-Wno-pointer-to-int-cast;-fsigned-char;-Wl,-gc-sections;-lstdc++;-lm;-lpthread;-std=gnu11;-mcpu=c906fdv;-march=rv64imafdcv0p7xthead;-mabi=lp64d;-ffunction-sections;-fdata-sections;-Wno-pointer-to-int-cast;-fsigned-char;-Wl,-gc-sections;-lstdc++;-lm;-lpthread
Id flags: -c;-I__does_not_exist__ 

The output was:
No such file or directory


Compiling the C compiler identification source file "CMakeCCompilerId.c" failed.
Compiler: /bin/riscv64-unknown-linux-musl-gcc 
Build flags: 
Id flags:  

The output was:
No such file or directory


Compiling the C compiler identification source file "CMakeCCompilerId.c" failed.
Compiler: /bin/riscv64-unknown-linux-musl-gcc 
Build flags: 
Id flags: -c 

The output was:
No such file or directory


Compiling the C compiler identification source file "CMakeCCompilerId.c" failed.
Compiler: /bin/riscv64-unknown-linux-musl-gcc 
Build flags: 
Id flags: -Aa 

The output was:
No such file or directory


Compiling the C compiler identification source file "CMakeCCompilerId.c" failed.
Compiler: /bin/riscv64-unknown-linux-musl-gcc 
Build flags: 
Id flags: -D__CLASSIC_C__ 

The output was:
No such file or directory


Compiling the C compiler identification source file "CMakeCCompilerId.c" failed.
Compiler: /bin/riscv64-unknown-linux-musl-gcc 
Build flags: 
Id flags: --target=arm-arm-none-eabi;-mcpu=cortex-m3 

The output was:
No such file or directory


Compiling the C compiler identification source file "CMakeCCompilerId.c" failed.
Compiler: /bin/riscv64-unknown-linux-musl-gcc 
Build flags: 
Id flags: -c;-I__does_not_exist__ 

The output was:
No such file or directory


Checking whether the C compiler is IAR using "" did not match "IAR .+ Compiler":
Checking whether the C compiler is IAR using "" did not match "IAR .+ Compiler":
Compiling the CXX compiler identification source file "CMakeCXXCompilerId.cpp" failed.
Compiler: /bin/riscv64-unknown-linux-musl-g++ 
Build flags: ;-mcpu=c906fdv;-march=rv64imafdcv0p7xthead;-mabi=lp64d;-fsigned-char;-ffunction-sections;-fdata-sections;-fPIC;-Wl,-gc-sections;-lm;-lpthread;-mcpu=c906fdv;-march=rv64imafdcv0p7xthead;-mabi=lp64d;-fsigned-char;-ffunction-sections;-fdata-sections;-fPIC;-Wl,-gc-sections;-lm;-lpthread
Id flags:  

The output was:
No such file or directory


Compiling the CXX compiler identification source file "CMakeCXXCompilerId.cpp" failed.
Compiler: /bin/riscv64-unknown-linux-musl-g++ 
Build flags: ;-mcpu=c906fdv;-march=rv64imafdcv0p7xthead;-mabi=lp64d;-fsigned-char;-ffunction-sections;-fdata-sections;-fPIC;-Wl,-gc-sections;-lm;-lpthread;-mcpu=c906fdv;-march=rv64imafdcv0p7xthead;-mabi=lp64d;-fsigned-char;-ffunction-sections;-fdata-sections;-fPIC;-Wl,-gc-sections;-lm;-lpthread
Id flags: -c 

The output was:
No such file or directory


Compiling the CXX compiler identification source file "CMakeCXXCompilerId.cpp" failed.
Compiler: /bin/riscv64-unknown-linux-musl-g++ 
Build flags: ;-mcpu=c906fdv;-march=rv64imafdcv0p7xthead;-mabi=lp64d;-fsigned-char;-ffunction-sections;-fdata-sections;-fPIC;-Wl,-gc-sections;-lm;-lpthread;-mcpu=c906fdv;-march=rv64imafdcv0p7xthead;-mabi=lp64d;-fsigned-char;-ffunction-sections;-fdata-sections;-fPIC;-Wl,-gc-sections;-lm;-lpthread
Id flags: --c++ 

The output was:
No such file or directory


Compiling the CXX compiler identification source file "CMakeCXXCompilerId.cpp" failed.
Compiler: /bin/riscv64-unknown-linux-musl-g++ 
Build flags: ;-mcpu=c906fdv;-march=rv64imafdcv0p7xthead;-mabi=lp64d;-fsigned-char;-ffunction-sections;-fdata-sections;-fPIC;-Wl,-gc-sections;-lm;-lpthread;-mcpu=c906fdv;-march=rv64imafdcv0p7xthead;-mabi=lp64d;-fsigned-char;-ffunction-sections;-fdata-sections;-fPIC;-Wl,-gc-sections;-lm;-lpthread
Id flags: --ec++ 

The output was:
No such file or directory


Compiling the CXX compiler identification source file "CMakeCXXCompilerId.cpp" failed.
Compiler: /bin/riscv64-unknown-linux-musl-g++ 
Build flags: ;-mcpu=c906fdv;-march=rv64imafdcv0p7xthead;-mabi=lp64d;-fsigned-char;-ffunction-sections;-fdata-sections;-fPIC;-Wl,-gc-sections;-lm;-lpthread;-mcpu=c906fdv;-march=rv64imafdcv0p7xthead;-mabi=lp64d;-fsigned-char;-ffunction-sections;-fdata-sections;-fPIC;-Wl,-gc-sections;-lm;-lpthread
Id flags: --target=arm-arm-none-eabi;-mcpu=cortex-m3 

The output was:
No such file or directory


Compiling the CXX compiler identification source file "CMakeCXXCompilerId.cpp" failed.
Compiler: /bin/riscv64-unknown-linux-musl-g++ 
Build flags: ;-mcpu=c906fdv;-march=rv64imafdcv0p7xthead;-mabi=lp64d;-fsigned-char;-ffunction-sections;-fdata-sections;-fPIC;-Wl,-gc-sections;-lm;-lpthread;-mcpu=c906fdv;-march=rv64imafdcv0p7xthead;-mabi=lp64d;-fsigned-char;-ffunction-sections;-fdata-sections;-fPIC;-Wl,-gc-sections;-lm;-lpthread
Id flags: -c;-I__does_not_exist__ 

The output was:
No such file or directory


Compiling the CXX compiler identification source file "CMakeCXXCompilerId.cpp" failed.
Compiler: /bin/riscv64-unknown-linux-musl-g++ 
Build flags: 
Id flags:  

The output was:
No such file or directory


Compiling the CXX compiler identification source file "CMakeCXXCompilerId.cpp" failed.
Compiler: /bin/riscv64-unknown-linux-musl-g++ 
Build flags: 
Id flags: -c 

The output was:
No such file or directory


Compiling the CXX compiler identification source file "CMakeCXXCompilerId.cpp" failed.
Compiler: /bin/riscv64-unknown-linux-musl-g++ 
Build flags: 
Id flags: --c++ 

The output was:
No such file or directory


Compiling the CXX compiler identification source file "CMakeCXXCompilerId.cpp" failed.
Compiler: /bin/riscv64-unknown-linux-musl-g++ 
Build flags: 
Id flags: --ec++ 

The output was:
No such file or directory


Compiling the CXX compiler identification source file "CMakeCXXCompilerId.cpp" failed.
Compiler: /bin/riscv64-unknown-linux-musl-g++ 
Build flags: 
Id flags: --target=arm-arm-none-eabi;-mcpu=cortex-m3 

The output was:
No such file or directory


Compiling the CXX compiler identification source file "CMakeCXXCompilerId.cpp" failed.
Compiler: /bin/riscv64-unknown-linux-musl-g++ 
Build flags: 
Id flags: -c;-I__does_not_exist__ 

The output was:
No such file or directory


Checking whether the CXX compiler is IAR using "" did not match "IAR .+ Compiler":
Checking whether the CXX compiler is IAR using "" did not match "IAR .+ Compiler":
Compiling the C compiler identification source file "CMakeCCompilerId.c" failed.
Compiler: /bin/riscv64-unknown-linux-musl-gcc 
Build flags: ;-std=gnu11;-mcpu=c906fdv;-march=rv64imafdcv0p7xthead;-mabi=lp64d;-ffunction-sections;-fdata-sections;-Wno-pointer-to-int-cast;-fsigned-char;-Wl,-gc-sections;-lstdc++;-lm;-lpthread;-std=gnu11;-mcpu=c906fdv;-march=rv64imafdcv0p7xthead;-mabi=lp64d;-ffunction-sections;-fdata-sections;-Wno-pointer-to-int-cast;-fsigned-char;-Wl,-gc-sections;-lstdc++;-lm;-lpthread
Id flags:  

The output was:
No such file or directory


Compiling the C compiler identification source file "CMakeCCompilerId.c" failed.
Compiler: /bin/riscv64-unknown-linux-musl-gcc 
Build flags: ;-std=gnu11;-mcpu=c906fdv;-march=rv64imafdcv0p7xthead;-mabi=lp64d;-ffunction-sections;-fdata-sections;-Wno-pointer-to-int-cast;-fsigned-char;-Wl,-gc-sections;-lstdc++;-lm;-lpthread;-std=gnu11;-mcpu=c906fdv;-march=rv64imafdcv0p7xthead;-mabi=lp64d;-ffunction-sections;-fdata-sections;-Wno-pointer-to-int-cast;-fsigned-char;-Wl,-gc-sections;-lstdc++;-lm;-lpthread
Id flags: -c 

The output was:
No such file or directory


Compiling the C compiler identification source file "CMakeCCompilerId.c" failed.
Compiler: /bin/riscv64-unknown-linux-musl-gcc 
Build flags: ;-std=gnu11;-mcpu=c906fdv;-march=rv64imafdcv0p7xthead;-mabi=lp64d;-ffunction-sections;-fdata-sections;-Wno-pointer-to-int-cast;-fsigned-char;-Wl,-gc-sections;-lstdc++;-lm;-lpthread;-std=gnu11;-mcpu=c906fdv;-march=rv64imafdcv0p7xthead;-mabi=lp64d;-ffunction-sections;-fdata-sections;-Wno-pointer-to-int-cast;-fsigned-char;-Wl,-gc-sections;-lstdc++;-lm;-lpthread
Id flags: -Aa 

The output was:
No such file or directory


Compiling the C compiler identification source file "CMakeCCompilerId.c" failed.
Compiler: /bin/riscv64-unknown-linux-musl-gcc 
Build flags: ;-std=gnu11;-mcpu=c906fdv;-march=rv64imafdcv0p7xthead;-mabi=lp64d;-ffunction-sections;-fdata-sections;-Wno-pointer-to-int-cast;-fsigned-char;-Wl,-gc-sections;-lstdc++;-lm;-lpthread;-std=gnu11;-mcpu=c906fdv;-march=rv64imafdcv0p7xthead;-mabi=lp64d;-ffunction-sections;-fdata-sections;-Wno-pointer-to-int-cast;-fsigned-char;-Wl,-gc-sections;-lstdc++;-lm;-lpthread
Id flags: -D__CLASSIC_C__ 

The output was:
No such file or directory


Compiling the C compiler identification source file "CMakeCCompilerId.c" failed.
Compiler: /bin/riscv64-unknown-linux-musl-gcc 
Build flags: ;-std=gnu11;-mcpu=c906fdv;-march=rv64imafdcv0p7xthead;-mabi=lp64d;-ffunction-sections;-fdata-sections;-Wno-pointer-to-int-cast;-fsigned-char;-Wl,-gc-sections;-lstdc++;-lm;-lpthread;-std=gnu11;-mcpu=c906fdv;-march=rv64imafdcv0p7xthead;-mabi=lp64d;-ffunction-sections;-fdata-sections;-Wno-pointer-to-int-cast;-fsigned-char;-Wl,-gc-sections;-lstdc++;-lm;-lpthread
Id flags: --target=arm-arm-none-eabi;-mcpu=cortex-m3 

The output was:
No such file or directory


Compiling the C compiler identification source file "CMakeCCompilerId.c" failed.
Compiler: /bin/riscv64-unknown-linux-musl-gcc 
Build flags: ;-std=gnu11;-mcpu=c906fdv;-march=rv64imafdcv0p7xthead;-mabi=lp64d;-ffunction-sections;-fdata-sections;-Wno-pointer-to-int-cast;-fsigned-char;-Wl,-gc-sections;-lstdc++;-lm;-lpthread;-std=gnu11;-mcpu=c906fdv;-march=rv64imafdcv0p7xthead;-mabi=lp64d;-ffunction-sections;-fdata-sections;-Wno-pointer-to-int-cast;-fsigned-char;-Wl,-gc-sections;-lstdc++;-lm;-lpthread
Id flags: -c;-I__does_not_exist__ 

The output was:
No such file or directory


Compiling the C compiler identification source file "CMakeCCompilerId.c" failed.
Compiler: /bin/riscv64-unknown-linux-musl-gcc 
Build flags: 
Id flags:  

The output was:
No such file or directory


Compiling the C compiler identification source file "CMakeCCompilerId.c" failed.
Compiler: /bin/riscv64-unknown-linux-musl-gcc 
Build flags: 
Id flags: -c 

The output was:
No such file or directory


Compiling the C compiler identification source file "CMakeCCompilerId.c" failed.
Compiler: /bin/riscv64-unknown-linux-musl-gcc 
Build flags: 
Id flags: -Aa 

The output was:
No such file or directory


Compiling the C compiler identification source file "CMakeCCompilerId.c" failed.
Compiler: /bin/riscv64-unknown-linux-musl-gcc 
Build flags: 
Id flags: -D__CLASSIC_C__ 

The output was:
No such file or directory


Compiling the C compiler identification source file "CMakeCCompilerId.c" failed.
Compiler: /bin/riscv64-unknown-linux-musl-gcc 
Build flags: 
Id flags: --target=arm-arm-none-eabi;-mcpu=cortex-m3 

The output was:
No such file or directory


Compiling the C compiler identification source file "CMakeCCompilerId.c" failed.
Compiler: /bin/riscv64-unknown-linux-musl-gcc 
Build flags: 
Id flags: -c;-I__does_not_exist__ 

The output was:
No such file or directory


Checking whether the C compiler is IAR using "" did not match "IAR .+ Compiler":
Checking whether the C compiler is IAR using "" did not match "IAR .+ Compiler":
Compiling the CXX compiler identification source file "CMakeCXXCompilerId.cpp" failed.
Compiler: /bin/riscv64-unknown-linux-musl-g++ 
Build flags: ;-mcpu=c906fdv;-march=rv64imafdcv0p7xthead;-mabi=lp64d;-fsigned-char;-ffunction-sections;-fdata-sections;-fPIC;-Wl,-gc-sections;-lm;-lpthread;-mcpu=c906fdv;-march=rv64imafdcv0p7xthead;-mabi=lp64d;-fsigned-char;-ffunction-sections;-fdata-sections;-fPIC;-Wl,-gc-sections;-lm;-lpthread
Id flags:  

The output was:
No such file or directory


Compiling the CXX compiler identification source file "CMakeCXXCompilerId.cpp" failed.
Compiler: /bin/riscv64-unknown-linux-musl-g++ 
Build flags: ;-mcpu=c906fdv;-march=rv64imafdcv0p7xthead;-mabi=lp64d;-fsigned-char;-ffunction-sections;-fdata-sections;-fPIC;-Wl,-gc-sections;-lm;-lpthread;-mcpu=c906fdv;-march=rv64imafdcv0p7xthead;-mabi=lp64d;-fsigned-char;-ffunction-sections;-fdata-sections;-fPIC;-Wl,-gc-sections;-lm;-lpthread
Id flags: -c 

The output was:
No such file or directory


Compiling the CXX compiler identification source file "CMakeCXXCompilerId.cpp" failed.
Compiler: /bin/riscv64-unknown-linux-musl-g++ 
Build flags: ;-mcpu=c906fdv;-march=rv64imafdcv0p7xthead;-mabi=lp64d;-fsigned-char;-ffunction-sections;-fdata-sections;-fPIC;-Wl,-gc-sections;-lm;-lpthread;-mcpu=c906fdv;-march=rv64imafdcv0p7xthead;-mabi=lp64d;-fsigned-char;-ffunction-sections;-fdata-sections;-fPIC;-Wl,-gc-sections;-lm;-lpthread
Id flags: --c++ 

The output was:
No such file or directory


Compiling the CXX compiler identification source file "CMakeCXXCompilerId.cpp" failed.
Compiler: /bin/riscv64-unknown-linux-musl-g++ 
Build flags: ;-mcpu=c906fdv;-march=rv64imafdcv0p7xthead;-mabi=lp64d;-fsigned-char;-ffunction-sections;-fdata-sections;-fPIC;-Wl,-gc-sections;-lm;-lpthread;-mcpu=c906fdv;-march=rv64imafdcv0p7xthead;-mabi=lp64d;-fsigned-char;-ffunction-sections;-fdata-sections;-fPIC;-Wl,-gc-sections;-lm;-lpthread
Id flags: --ec++ 

The output was:
No such file or directory


Compiling the CXX compiler identification source file "CMakeCXXCompilerId.cpp" failed.
Compiler: /bin/riscv64-unknown-linux-musl-g++ 
Build flags: ;-mcpu=c906fdv;-march=rv64imafdcv0p7xthead;-mabi=lp64d;-fsigned-char;-ffunction-sections;-fdata-sections;-fPIC;-Wl,-gc-sections;-lm;-lpthread;-mcpu=c906fdv;-march=rv64imafdcv0p7xthead;-mabi=lp64d;-fsigned-char;-ffunction-sections;-fdata-sections;-fPIC;-Wl,-gc-sections;-lm;-lpthread
Id flags: --target=arm-arm-none-eabi;-mcpu=cortex-m3 

The output was:
No such file or directory


Compiling the CXX compiler identification source file "CMakeCXXCompilerId.cpp" failed.
Compiler: /bin/riscv64-unknown-linux-musl-g++ 
Build flags: ;-mcpu=c906fdv;-march=rv64imafdcv0p7xthead;-mabi=lp64d;-fsigned-char;-ffunction-sections;-fdata-sections;-fPIC;-Wl,-gc-sections;-lm;-lpthread;-mcpu=c906fdv;-march=rv64imafdcv0p7xthead;-mabi=lp64d;-fsigned-char;-ffunction-sections;-fdata-sections;-fPIC;-Wl,-gc-sections;-lm;-lpthread
Id flags: -c;-I__does_not_exist__ 

The output was:
No such file or directory


Compiling the CXX compiler identification source file "CMakeCXXCompilerId.cpp" failed.
Compiler: /bin/riscv64-unknown-linux-musl-g++ 
Build flags: 
Id flags:  

The output was:
No such file or directory


Compiling the CXX compiler identification source file "CMakeCXXCompilerId.cpp" failed.
Compiler: /bin/riscv64-unknown-linux-musl-g++ 
Build flags: 
Id flags: -c 

The output was:
No such file or directory


Compiling the CXX compiler identification source file "CMakeCXXCompilerId.cpp" failed.
Compiler: /bin/riscv64-unknown-linux-musl-g++ 
Build flags: 
Id flags: --c++ 

The output was:
No such file or directory


Compiling the CXX compiler identification source file "CMakeCXXCompilerId.cpp" failed.
Compiler: /bin/riscv64-unknown-linux-musl-g++ 
Build flags: 
Id flags: --ec++ 

The output was:
No such file or directory


Compiling the CXX compiler identification source file "CMakeCXXCompilerId.cpp" failed.
Compiler: /bin/riscv64-unknown-linux-musl-g++ 
Build flags: 
Id flags: --target=arm-arm-none-eabi;-mcpu=cortex-m3 

The output was:
No such file or directory


Compiling the CXX compiler identification source file "CMakeCXXCompilerId.cpp" failed.
Compiler: /bin/riscv64-unknown-linux-musl-g++ 
Build flags: 
Id flags: -c;-I__does_not_exist__ 

The output was:
No such file or directory


Checking whether the CXX compiler is IAR using "" did not match "IAR .+ Compiler":
Checking whether the CXX compiler is IAR using "" did not match "IAR .+ Compiler":
